Case #1:
0.50000000
0.50000000
0.50000000
Case #2:
0.64583333
0.36805556
0.60416667
0.39583333
Case #3:
0.62500000
0.62247475
0.61994949
0.61742424
0.61489899
0.61237374
0.60984848
0.60732323
0.60479798
0.60227273
0.59974747
0.59722222
0.59469697
0.59217172
0.58964646
0.58712121
0.58459596
0.58207071
0.57954545
0.57702020
0.57449495
0.57196970
0.56944444
0.56691919
0.56439394
0.56186869
0.55934343
0.55681818
0.55429293
0.55176768
0.54924242
0.54671717
0.54419192
0.54166667
0.53914141
0.53661616
0.53409091
0.53156566
0.52904040
0.52651515
0.52398990
0.52146465
0.51893939
0.51641414
0.51388889
0.51136364
0.50883838
0.50631313
0.50378788
0.50126263
0.49873737
0.49621212
0.49368687
0.49116162
0.48863636
0.48611111
0.48358586
0.48106061
0.47853535
0.47601010
0.47348485
0.47095960
0.46843434
0.46590909
0.46338384
0.46085859
0.45833333
0.45580808
0.45328283
0.45075758
0.44823232
0.44570707
0.44318182
0.44065657
0.43813131
0.43560606
0.43308081
0.43055556
0.42803030
0.42550505
0.42297980
0.42045455
0.41792929
0.41540404
0.41287879
0.41035354
0.40782828
0.40530303
0.40277778
0.40025253
0.39772727
0.39520202
0.39267677
0.39015152
0.38762626
0.38510101
0.38257576
0.38005051
0.37752525
0.37500000
Case #4:
0.45799058
0.49114687
0.54132391
0.54150096
0.49132391
0.50493197
0.49150096
0.50799058
0.55799058
0.44132391
0.46411565
0.49132391
0.52483429
0.55799058
0.52465725
0.40799058
Case #5:
0.44803664
0.49813705
0.55556203
0.53390041
0.50587730
0.44938225
0.53202792
0.53377547
0.51896812
0.47676445
0.53741157
0.44768193
0.42670711
0.47059190
0.41810880
0.52918234
0.42577385
0.53636268
0.54884184
0.48428999
0.45877775
0.51711955
0.40061525
0.47290023
0.55946201
0.52315353
0.45127525
0.54104192
0.52256117
0.50685988
0.53537349
0.49753939
0.53320061
0.53221032
0.45399188
0.37507380
0.53439858
0.53285543
0.42996099
0.55103524
0.49205896
0.51551300
0.50111284
0.55814589
0.49807392
0.48375251
0.54168878
0.43840502
0.46979595
0.52867920
0.45071952
0.52418987
0.52732124
0.47029795
0.53780061
0.51969574
0.50221136
0.43217699
0.59723882
0.45945871
0.51666368
0.52307657
0.55218594
0.46162794
0.52810760
0.50506086
0.49134140
0.49502356
0.55681569
0.49994898
0.52898916
0.55935701
0.49496741
0.42100277
0.44533059
0.50202883
0.49260169
0.44349450
0.42428993
0.49806658
0.55909077
0.49441084
0.50455787
0.44495970
0.52141185
0.47671765
0.49666676
0.50632838
0.44442367
0.49242770
0.48821399
0.55869615
0.58174163
0.52025180
0.57130054
0.52050054
0.51332505
0.52952858
0.47769645
Case #6:
0.37752525
0.43055556
0.54671717
0.60479798
0.61994949
0.62500000
0.53156566
0.58964646
0.49873737
0.37500000
0.46085859
0.57702020
0.62247475
0.43560606
0.43813131
0.38257576
0.38510101
0.54924242
0.56186869
0.59469697
0.47095960
0.45580808
0.58459596
0.49116162
0.39520202
0.46338384
0.47853535
0.59217172
0.48106061
0.60732323
0.51893939
0.40025253
0.40530303
0.53914141
0.49368687
0.46590909
0.55934343
0.40782828
0.50378788
0.38005051
0.55681818
0.39267677
0.45328283
0.57954545
0.45075758
0.51388889
0.50126263
0.44570707
0.38762626
0.52146465
0.39772727
0.61742424
0.42297980
0.48611111
0.56439394
0.47601010
0.52904040
0.44065657
0.61237374
0.57449495
0.52398990
0.46843434
0.49621212
0.50631313
0.42803030
0.51641414
0.48358586
0.41287879
0.42045455
0.60984848
0.56691919
0.52651515
0.41540404
0.55176768
0.57196970
0.54419192
0.59974747
0.41792929
0.45833333
0.59722222
0.44823232
0.55429293
0.44318182
0.54166667
0.48863636
0.61489899
0.40277778
0.42550505
0.56944444
0.51136364
0.50883838
0.58207071
0.58712121
0.43308081
0.41035354
0.60227273
0.47348485
0.39015152
0.53661616
0.53409091
Case #7:
0.52163132
0.53529284
0.45438325
0.51029110
0.53055232
0.48031851
0.50430822
0.54282920
0.50449533
0.53345018
0.51292198
0.52504469
0.50989606
0.47716994
0.50421726
0.46878848
0.51012678
0.52686113
0.41429651
0.52860331
0.52863255
0.46288421
0.40727488
0.44171765
0.51626541
0.37861652
0.53686145
0.53138505
0.50410135
0.53150240
0.56119878
0.51830719
0.45308059
0.47231446
0.49641207
0.56203670
0.47139124
0.42147133
0.44361932
0.51844464
0.44433280
0.53886483
0.44596212
0.54662128
0.55751967
0.54166158
0.39221439
0.53882245
0.44324093
0.55334353
0.54168164
0.53156492
0.51129963
0.50380207
0.50924402
0.49064932
0.54125835
0.43592256
0.54099539
0.57507132
0.51883765
0.51684301
0.50677915
0.45483210
0.45999082
Case #8:
0.53650480
0.50677907
0.54698806
0.53097289
0.49411769
0.54163949
0.45842553
0.44349447
0.47001262
0.50972819
0.45325186
0.44729877
0.54583140
0.47743037
0.48661359
0.51648693
0.40849413
0.49250441
0.49558736
0.55664477
0.50558244
0.45450452
0.44802775
0.45807937
0.51919607
0.54438186
0.49996922
0.52240837
0.50266693
0.54989728
0.49476454
0.53938722
0.47724097
0.52424745
0.47859355
0.46474117
0.50093033
0.55859457
0.54313702
0.51905329
0.52584075
0.49045348
0.52148994
0.55283419
0.47794299
0.52421570
0.49295636
0.45855439
0.52935779
0.47643798
0.51128373
0.46198616
0.48187447
0.51997673
0.43592300
0.52729685
0.52185134
0.54274779
0.50462127
0.49771454
0.52407143
0.55687713
0.46931905
0.42361525
0.50905863
0.46519922
0.52722836
0.51733463
0.50375647
0.44585150
0.54642142
0.54933133
0.54119433
0.53571519
0.46455920
0.52468859
0.48255274
0.41929164
0.53270609
0.53760988
0.54842051
0.46532941
0.51478614
0.52397069
0.52414367
0.40022674
0.40596874
0.51396701
0.49100993
0.48768578
0.55599789
0.54010531
0.46949187
0.50927727
0.53481004
0.48357879
0.53245459
0.47698656
0.37621196
0.49171547
Case #9:
0.43555556
0.23958333
0.67916667
0.55059524
0.77083333
0.29166667
0.36309524
0.50967593
0.25000000
0.35416667
0.47685185
0.58489583
0.31250000
0.56666667
0.66666667
0.36458333
0.39351852
0.39583333
0.46726190
0.79861111
0.41145833
0.65364583
0.48809524
0.53125000
0.38576389
0.55208333
0.29027778
0.29456019
0.47470238
0.37731481
0.45277778
0.44270833
0.65625000
0.63194444
0.61215278
0.68750000
0.55000000
0.33333333
0.51562500
0.31250000
0.48750000
0.45833333
0.52083333
0.67708333
0.53854167
0.29861111
0.50000000
0.36250000
0.43750000
0.44791667
0.38715278
0.59583333
0.39583333
0.38541667
0.44868056
0.55208333
0.31250000
0.61875000
0.30531250
0.52083333
0.77083333
0.73809524
0.23472222
0.57812500
0.51041667
0.25000000
0.75694444
0.54861111
0.70238095
0.56041667
0.72916667
0.50555556
0.29166667
0.32638889
0.63020833
0.38194444
0.96875000
0.40625000
0.17361111
0.70138889
0.65451389
0.50000000
0.75000000
0.37500000
0.36250000
0.51562500
0.63194444
0.39062500
0.61069444
0.68750000
0.50694444
0.61458333
0.54166667
0.58333333
0.55000000
0.47767857
0.54166667
0.47833333
0.37777778
0.58333333
Case #10:
0.46498374
0.48594478
0.47696707
0.44913858
0.43440499
0.49051775
0.65033976
0.58874890
0.51732970
0.51055993
0.49306777
0.53917014
0.52153553
0.52365720
0.43910463
0.47302156
0.58528390
0.51185135
0.49013448
0.42408091
0.60265901
0.58486791
0.33978070
0.45212102
0.55510834
0.49774729
0.49885909
0.45939713
0.38404412
0.44387973
0.51019353
0.58141910
0.44783365
0.39775683
0.57447220
0.44628547
0.41238232
0.35719835
0.57558574
0.52589234
0.57774778
0.58908164
0.48038056
0.53639318
0.46920286
0.54180206
0.49006205
0.39808364
0.52554908
0.61809613
0.53036337
0.48110551
0.47564940
0.63380934
0.45717951
0.56597836
0.52108963
0.34871520
0.40399458
0.35512562
0.52856572
0.53950905
0.44017276
0.48041040
0.39831257
0.57680548
0.45093023
0.37162890
0.44839132
0.49685349
0.60087939
0.52736095
0.48322927
0.46447505
0.71332786
0.54905496
Case #11:
0.38133163
0.54190984
0.50716206
0.51031583
0.54729188
0.55109950
0.52591100
0.55874962
0.55527741
0.53497546
0.50539547
0.50502393
0.52165207
0.50618838
0.47987075
0.42015741
0.49804193
0.47164724
0.48542965
0.53961709
0.46177573
0.52733091
0.42125820
0.53348337
0.38874503
0.55285068
0.53453539
0.51673518
0.45631792
0.45353576
0.48721723
0.57512907
0.51880415
0.53712082
0.51850048
0.55987864
0.46737596
0.54663848
0.51231537
0.52148961
0.49397248
0.48403836
0.50906396
0.51276238
0.50099205
0.54882240
0.56761701
0.52531389
0.44323417
0.39809278
0.49575018
0.51084309
0.48481536
0.48875483
0.56800828
0.55124266
0.55696132
0.52738090
0.47998762
0.45099861
0.53317032
0.49510301
0.42768454
0.45069853
0.54784636
0.52177455
0.51692853
0.49824606
0.51967146
0.52220113
0.49089414
0.39733305
0.48140907
0.48703199
0.46956127
0.48480520
0.45462890
0.50554987
0.52617114
0.54265926
0.52186119
0.41139296
0.51783091
0.49073215
0.52891022
0.42598306
0.51643626
0.51183874
0.55196676
0.54385739
0.54111586
0.44784577
0.46539664
0.49628628
0.53936529
0.51520936
0.44028213
0.43345791
0.44167702
0.47399633
Case #12:
0.66666667
0.27777778
0.38888889
0.56018519
0.56597222
Case #13:
0.58928571
0.44642857
0.44642857
0.44642857
0.44642857
0.44642857
0.58928571
0.58928571
Case #14:
0.50000000
0.50000000
0.50000000
0.50000000
0.50000000
0.50000000
0.50000000
0.50000000
0.50000000
0.50000000
0.50000000
0.50000000
0.50000000
0.50000000
0.50000000
0.50000000
0.50000000
0.50000000
0.50000000
0.50000000
0.50000000
0.50000000
0.50000000
0.50000000
0.50000000
0.50000000
0.50000000
0.50000000
0.50000000
0.50000000
0.50000000
0.50000000
0.50000000
0.50000000
0.50000000
0.50000000
0.50000000
0.50000000
0.50000000
0.50000000
0.50000000
0.50000000
0.50000000
0.50000000
0.50000000
0.50000000
0.50000000
0.50000000
0.50000000
0.50000000
0.50000000
0.50000000
0.50000000
0.50000000
0.50000000
0.50000000
0.50000000
0.50000000
0.50000000
0.50000000
0.50000000
0.50000000
0.50000000
0.50000000
0.50000000
0.50000000
0.50000000
0.50000000
0.50000000
0.50000000
0.50000000
0.50000000
0.50000000
0.50000000
0.50000000
0.50000000
0.50000000
0.50000000
0.50000000
0.50000000
0.50000000
0.50000000
0.50000000
0.50000000
0.50000000
0.50000000
0.50000000
0.50000000
0.50000000
0.50000000
0.50000000
0.50000000
0.50000000
0.50000000
0.50000000
0.50000000
0.50000000
0.50000000
0.50000000
Case #15:
0.48284638
0.55415524
0.53723426
0.56597823
0.52519365
0.53784935
0.56765215
0.49513926
0.42650441
0.55077513
0.48757330
0.53762454
0.45807949
0.54571373
0.45131028
0.53904397
0.52013979
0.43928145
0.57348864
0.43863996
0.53383020
0.51187771
0.47926384
0.53148485
0.41147393
0.40242659
0.56708478
0.50307468
0.41665317
0.51808147
0.50484878
0.52588794
0.52358130
0.53755795
0.49303402
0.50696423
0.45682731
0.39471378
0.42449167
0.52577814
0.50884181
0.41612905
0.55846119
Case #16:
0.48268682
0.44985962
0.52143908
0.48076282
0.55817100
0.50857015
0.53606435
0.54579579
0.51276997
0.48110343
0.54006440
0.44902808
0.52209781
0.45492271
0.55619329
0.46697489
0.50140447
0.46586428
0.54563611
0.48495561
0.50724288
0.48092087
0.40741332
0.48457399
0.55805162
0.42811957
0.54801893
0.52146767
0.38815799
0.45663090
0.55427500
0.51183336
0.49729340
0.50221545
0.54235402
0.42677261
0.52459290
0.54992951
0.54147982
0.50847858
0.55534690
0.58380862
0.60245612
0.50481357
0.45234016
0.51558030
0.42182356
0.54331171
0.56208439
0.55220708
0.52755472
0.49471919
0.47823103
0.48441338
0.52993975
0.53790633
0.51924142
0.40872440
0.53367985
0.50753937
0.42550608
0.55238429
0.43599143
0.49302276
0.54741170
0.53240450
0.44154752
0.47635290
0.52580186
0.48662314
0.47434636
0.47780539
0.45711743
0.52358379
0.54974167
0.52408971
0.56301246
0.48999714
0.51131442
0.49080745
0.49692804
0.59822348
0.40595828
0.43620065
0.50609610
0.54633991
0.52731115
0.38121952
0.45168536
0.55092666
0.39743660
0.51807514
0.50127174
Case #17:
0.64713790
0.49583829
0.48327464
0.41345073
0.57857143
0.54872321
0.39562642
0.38619118
0.55148810
0.56288690
0.46688988
0.57992857
0.49767444
0.57275170
0.44642460
0.41817815
0.60801209
0.56809807
0.43479647
Case #18:
0.46794334
0.48178228
0.49765249
0.59185294
0.49260368
0.49248529
0.39971153
0.43635916
0.51650222
0.49074770
0.38200041
0.49256286
0.54901978
0.47055512
0.51647747
0.55282183
0.57880687
0.49466319
0.58198483
0.59559500
0.40350842
0.50535365
0.51250006
0.53205521
0.51278846
0.52371750
0.53280110
0.36567623
0.51733930
0.47659421
0.58191946
0.47110029
0.58932325
0.48142872
0.51190081
0.39525235
0.54168404
0.38258163
0.44861115
0.39398890
0.48848914
0.53824379
0.53494958
0.48221515
0.46382310
0.38947284
0.48643084
0.45480049
0.40085189
0.48628030
0.50654018
0.45449663
0.48801919
0.53899286
0.53172685
0.54334202
0.51916051
0.62599632
0.57615781
0.38310415
0.48440690
0.61635550
0.39501942
0.51291153
0.55242253
0.51993802
0.52804214
0.39411414
0.47008064
0.52001404
0.47703892
0.53584178
0.58111778
0.59412895
0.56353070
0.48118464
0.50810143
0.54033298
0.63565734
0.43977459
0.55519433
0.53501102
0.38408785
0.42510105
0.57006534
0.49762631
0.48267080
0.52244440
Case #19:
0.49333333
0.46154563
0.48164683
0.57118056
0.38159722
0.66041667
0.55416667
0.46399802
0.54079563
0.69305556
0.54861111
0.43277778
0.50119048
0.65173611
0.60923611
0.28142361
0.36666667
0.42475198
0.34494048
0.78715278
0.42478175
Case #20:
0.68172399
0.53803241
0.59781349
0.50732606
0.55486111
0.47598765
0.47307099
0.44881944
0.48726852
0.42747685
0.54557870
0.39708664
0.47021495
0.64637346
0.44215608
0.40784722
0.30438161
0.65740741
0.53323165
0.37669753
0.45280589
0.48413948
0.48251323
0.49026620
0.52574460
0.49824983
0.50903604
0.45546098
0.52391975
