Case #1:
0.50000000
0.50000000
0.50000000
Case #2:
0.64583333
0.36805556
0.60416667
0.39583333
Case #3:
0.38975694
0.48090278
0.33767361
0.34722222
0.37500000
Case #4:
0.62500000
0.37500000
0.50000000
Case #5:
0.39814815
0.37037037
0.38850309
0.40007716
0.40509259
0.40354938
0.39544753
0.38078704
0.35956790
0.33179012
Case #6:
0.28571429
0.28571429
0.28571429
0.28571429
0.28571429
0.28571429
0.28571429
0.28571429
0.28571429
Case #7:
0.49029018
0.32362351
0.40401786
0.40364583
0.40435268
0.44680060
0.45639881
0.37306548
0.35357143
Case #8:
0.31099773
0.30182823
0.31683673
0.28007775
0.30602527
0.32805591
0.30099118
0.30489743
0.31354698
Case #9:
0.62500000
0.37500000
0.50000000
Case #10:
0.50000000
0.50000000
0.50000000
0.50000000
0.50000000
Case #11:
0.37500000
0.50000000
0.62500000
Case #12:
0.43229167
0.46875000
0.66145833
0.26041667
0.63541667
0.39062500
0.53125000
0.43229167
0.36979167
Case #13:
0.39583333
0.37916667
0.36805556
0.60416667
0.29192708
0.33770833
0.41041667
0.33020833
0.33359375
0.64583333
Case #14:
0.41950012
0.34858175
0.30450680
0.34850128
0.36675170
0.34860605
0.36592869
0.39789541
0.31266096
0.34484026
Case #15:
0.46250000
0.37750000
0.33500000
0.38500000
0.44500000
0.39500000
Case #16:
0.27876984
0.46210317
0.42777778
0.36951058
0.42956349
0.43253968
0.59657738
0.38571429
Case #17:
0.06944444
0.47395833
0.24305556
0.40277778
0.43750000
0.33333333
0.35416667
0.68750000
0.75000000
0.45138889
Case #18:
0.50468750
0.24375000
0.30625000
0.36875000
0.49583333
0.43125000
Case #19:
0.37037037
0.35956790
0.39814815
0.33179012
0.40354938
0.39544753
0.38850309
0.40509259
0.38078704
0.40007716
Case #20:
0.00000000
0.18750000
0.25000000
0.50000000
0.75000000
0.81250000
1.00000000
