Case #1:
0.50000000
0.50000000
0.50000000
Case #2:
0.64583333
0.36805556
0.60416667
0.39583333
Case #3:
0.29166667
0.70833333
0.43750000
0.50000000
0.56250000
Case #4:
0.31406250
0.46527778
0.53645833
0.39791667
0.38272569
0.76898148
0.52187500
0.64930556
Case #5:
0.48611111
0.43402778
0.51736111
0.58333333
0.45833333
0.52083333
Case #6:
0.44047619
0.54529478
0.47386621
0.51179138
0.51179138
0.51179138
0.44047619
0.54750567
Case #7:
0.50416667
0.66666667
0.28750000
0.33333333
0.62083333
0.27083333
0.57916667
0.38611111
0.63888889
0.57916667
Case #8:
0.65277778
0.52777778
0.61111111
0.33333333
0.31944444
Case #9:
0.48611111
0.41666667
0.44791667
0.50694444
0.64583333
Case #10:
0.00000000
0.18750000
0.25000000
0.50000000
0.75000000
0.81250000
1.00000000
Case #11:
0.38027778
0.47326389
0.42986111
0.54409722
0.54409722
0.45986111
0.61562500
Case #12:
0.39583333
0.35416667
0.63194444
0.60416667
Case #13:
0.48611111
0.43055556
0.45833333
0.62500000
0.40277778
0.54166667
0.59722222
0.56944444
0.51388889
0.37500000
Case #14:
0.50000000
0.62500000
0.37500000
Case #15:
0.50000000
0.50000000
0.50000000
0.50000000
0.50000000
0.50000000
0.50000000
0.50000000
0.50000000
Case #16:
0.41666667
0.54166667
0.39351852
0.47685185
0.23611111
0.36458333
0.52083333
0.67361111
0.79166667
0.64583333
Case #17:
0.61284722
0.56018519
0.54861111
0.38020833
0.50000000
0.35069444
Case #18:
0.62500000
0.59722222
0.56944444
0.54166667
0.51388889
0.48611111
0.45833333
0.43055556
0.40277778
0.37500000
Case #19:
0.53001346
0.50071659
0.59187807
0.53953491
0.48019534
0.39377936
0.40193098
0.52861837
0.52678875
Case #20:
0.46297619
0.63865476
0.52230159
0.45848923
0.39047619
0.56683957
0.52040675
0.47218254
0.59521825
0.39395172
